{"trial_id": "01", "hyperparameters": {"space": [{"class_name": "Int", "config": {"name": "units_1", "default": null, "conditions": [], "min_value": 32, "max_value": 64, "step": 8, "sampling": "linear"}}, {"class_name": "Int", "config": {"name": "units_2", "default": null, "conditions": [], "min_value": 8, "max_value": 32, "step": 8, "sampling": "linear"}}, {"class_name": "Choice", "config": {"name": "learning_rate", "default": 0.1, "conditions": [], "values": [0.1, 0.01, 0.001, 0.0001], "ordered": true}}], "values": {"units_1": 56, "units_2": 24, "learning_rate": 0.0001}}, "metrics": {"metrics": {}}, "score": null, "best_step": 0, "status": "FAILED", "message": "Traceback (most recent call last):\n  File \"/usr/local/lib/python3.11/dist-packages/keras/src/layers/layer.py\", line 223, in build_wrapper\n    original_build_method(*args, **kwargs)\n  File \"/usr/local/lib/python3.11/dist-packages/keras/src/models/sequential.py\", line 183, in build\n    x = layer(x)\n        ^^^^^^^^\n  File \"/usr/local/lib/python3.11/dist-packages/keras/src/utils/traceback_utils.py\", line 122, in error_handler\n    raise e.with_traceback(filtered_tb) from None\n  File \"/usr/local/lib/python3.11/dist-packages/keras/src/backend/common/name_scope.py\", line 61, in __exit__\n    name_scope_stack.pop()\nIndexError: pop from empty list\n\nDuring handling of the above exception, another exception occurred:\n\nTraceback (most recent call last):\n  File \"/usr/local/lib/python3.11/dist-packages/keras_tuner/src/engine/base_tuner.py\", line 274, in _try_run_and_update_trial\n    self._run_and_update_trial(trial, *fit_args, **fit_kwargs)\n  File \"/usr/local/lib/python3.11/dist-packages/keras_tuner/src/engine/base_tuner.py\", line 239, in _run_and_update_trial\n    results = self.run_trial(trial, *fit_args, **fit_kwargs)\n              ^^^^^^^^^^^^^^^^^^^^^^^^^^^^^^^^^^^^^^^^^^^^^^\n  File \"/usr/local/lib/python3.11/dist-packages/keras_tuner/src/engine/tuner.py\", line 314, in run_trial\n    obj_value = self._build_and_fit_model(trial, *args, **copied_kwargs)\n                ^^^^^^^^^^^^^^^^^^^^^^^^^^^^^^^^^^^^^^^^^^^^^^^^^^^^^^^^\n  File \"/usr/local/lib/python3.11/dist-packages/keras_tuner/src/engine/tuner.py\", line 232, in _build_and_fit_model\n    model = self._try_build(hp)\n            ^^^^^^^^^^^^^^^^^^^\n  File \"/usr/local/lib/python3.11/dist-packages/keras_tuner/src/engine/tuner.py\", line 164, in _try_build\n    model = self._build_hypermodel(hp)\n            ^^^^^^^^^^^^^^^^^^^^^^^^^^\n  File \"/usr/local/lib/python3.11/dist-packages/keras_tuner/src/engine/tuner.py\", line 155, in _build_hypermodel\n    model = self.hypermodel.build(hp)\n            ^^^^^^^^^^^^^^^^^^^^^^^^^\n  File \"/home/y1d/project/2023-24d-fai1-adsai-teamwork-t6/streamlit_app/pages/4_Neural_network.py\", line 193, in <lambda>\n    lambda hp: build_model(hp, X_train),\n               ^^^^^^^^^^^^^^^^^^^^^^^^\n  File \"/home/y1d/project/2023-24d-fai1-adsai-teamwork-t6/streamlit_app/pages/4_Neural_network.py\", line 137, in build_model\n    model.add(Dense(units_1, activation='relu', input_shape=(X_train.shape[1],)))\n  File \"/usr/local/lib/python3.11/dist-packages/keras/src/models/sequential.py\", line 120, in add\n    self._maybe_rebuild()\n  File \"/usr/local/lib/python3.11/dist-packages/keras/src/models/sequential.py\", line 139, in _maybe_rebuild\n    self.build(input_shape)\n  File \"/usr/local/lib/python3.11/dist-packages/keras/src/layers/layer.py\", line 222, in build_wrapper\n    with obj._open_name_scope():\n  File \"/usr/local/lib/python3.11/dist-packages/keras/src/backend/tensorflow/core.py\", line 295, in __exit__\n    super().__exit__(*args, **kwargs)\n  File \"/usr/local/lib/python3.11/dist-packages/keras/src/backend/common/name_scope.py\", line 61, in __exit__\n    name_scope_stack.pop()\nIndexError: pop from empty list\n"}